2022-05-14 00:08:30,797 INFO org.hibernate.validator.internal.util.Version [background-preinit] HV000001: Hibernate Validator 6.2.3.Final
2022-05-14 00:08:30,800 INFO org.springframework.boot.StartupInfoLogger [restartedMain] Starting UniversidadesRestApplication using Java 17.0.2 on MacBook-Pro-de-Javier.local with PID 11683 (/Users/javieralejandrocalixtocano/Documents/workspace-spring-tool-suite-4-4.14.1.RELEASE/SpringBootProyect/target/classes started by javieralejandrocalixtocano in /Users/javieralejandrocalixtocano/Documents/workspace-spring-tool-suite-4-4.14.1.RELEASE/SpringBootProyect)
2022-05-14 00:08:30,800 INFO org.springframework.boot.SpringApplication [restartedMain] No active profile set, falling back to 1 default profile: "default"
2022-05-14 00:08:30,820 INFO org.springframework.boot.logging.DeferredLog [restartedMain] Devtools property defaults active! Set 'spring.devtools.add-properties' to 'false' to disable
2022-05-14 00:08:30,820 INFO org.springframework.boot.logging.DeferredLog [restartedMain] For additional web related logging consider setting the 'logging.level.web' property to 'DEBUG'
2022-05-14 00:08:31,176 INFO org.springframework.data.repository.config.RepositoryConfigurationDelegate [restartedMain] Bootstrapping Spring Data JPA repositories in DEFAULT mode.
2022-05-14 00:08:31,201 INFO org.springframework.data.repository.config.RepositoryConfigurationDelegate [restartedMain] Finished Spring Data repository scanning in 21 ms. Found 5 JPA repository interfaces.
2022-05-14 00:08:31,457 INFO org.springframework.boot.web.embedded.tomcat.TomcatWebServer [restartedMain] Tomcat initialized with port(s): 9081 (http)
2022-05-14 00:08:31,464 INFO org.apache.juli.logging.DirectJDKLog [restartedMain] Initializing ProtocolHandler ["http-nio-9081"]
2022-05-14 00:08:31,464 INFO org.apache.juli.logging.DirectJDKLog [restartedMain] Starting service [Tomcat]
2022-05-14 00:08:31,464 INFO org.apache.juli.logging.DirectJDKLog [restartedMain] Starting Servlet engine: [Apache Tomcat/9.0.62]
2022-05-14 00:08:31,493 INFO org.apache.juli.logging.DirectJDKLog [restartedMain] Initializing Spring embedded WebApplicationContext
2022-05-14 00:08:31,493 INFO org.springframework.boot.web.servlet.context.ServletWebServerApplicationContext [restartedMain] Root WebApplicationContext: initialization completed in 673 ms
2022-05-14 00:08:31,552 INFO org.hibernate.jpa.internal.util.LogHelper [restartedMain] HHH000204: Processing PersistenceUnitInfo [name: default]
2022-05-14 00:08:31,571 INFO org.hibernate.Version [restartedMain] HHH000412: Hibernate ORM core version 5.4.33
2022-05-14 00:08:31,621 INFO org.hibernate.annotations.common.reflection.java.JavaReflectionManager [restartedMain] HCANN000001: Hibernate Commons Annotations {5.1.2.Final}
2022-05-14 00:08:31,659 INFO com.zaxxer.hikari.HikariDataSource [restartedMain] HikariPool-1 - Starting...
2022-05-14 00:08:31,697 INFO com.zaxxer.hikari.HikariDataSource [restartedMain] HikariPool-1 - Start completed.
2022-05-14 00:08:31,713 INFO org.hibernate.dialect.Dialect [restartedMain] HHH000400: Using dialect: org.hibernate.dialect.PostgreSQL10Dialect
2022-05-14 00:08:32,203 INFO org.hibernate.engine.transaction.jta.platform.internal.JtaPlatformInitiator [restartedMain] HHH000490: Using JtaPlatform implementation: [org.hibernate.engine.transaction.jta.platform.internal.NoJtaPlatform]
2022-05-14 00:08:32,207 INFO org.springframework.orm.jpa.AbstractEntityManagerFactoryBean [restartedMain] Initialized JPA EntityManagerFactory for persistence unit 'default'
2022-05-14 00:08:32,417 WARN org.springframework.context.support.AbstractApplicationContext [restartedMain] Exception encountered during context initialization - cancelling refresh attempt: org.springframework.beans.factory.UnsatisfiedDependencyException: Error creating bean with name 'personaController': Unsatisfied dependency expressed through field 'personaDAO'; nested exception is org.springframework.beans.factory.NoUniqueBeanDefinitionException: No qualifying bean of type 'com.ibm.academia.apirest.services.PersonaDAO' available: expected single matching bean but found 3: alumnoDAOImpl,empleadoDAOImpl,profesorDAOImpl
2022-05-14 00:08:32,418 INFO org.springframework.orm.jpa.AbstractEntityManagerFactoryBean [restartedMain] Closing JPA EntityManagerFactory for persistence unit 'default'
2022-05-14 00:08:32,419 INFO com.zaxxer.hikari.HikariDataSource [restartedMain] HikariPool-1 - Shutdown initiated...
2022-05-14 00:08:32,421 INFO com.zaxxer.hikari.HikariDataSource [restartedMain] HikariPool-1 - Shutdown completed.
2022-05-14 00:08:32,422 INFO org.apache.juli.logging.DirectJDKLog [restartedMain] Stopping service [Tomcat]
2022-05-14 00:08:32,428 INFO org.springframework.boot.autoconfigure.logging.ConditionEvaluationReportLoggingListener [restartedMain] 

Error starting ApplicationContext. To display the conditions report re-run your application with 'debug' enabled.
2022-05-14 00:08:32,435 ERROR org.springframework.boot.diagnostics.LoggingFailureAnalysisReporter [restartedMain] 

***************************
APPLICATION FAILED TO START
***************************

Description:

Field personaDAO in com.ibm.academia.apirest.controllers.PersonaController required a single bean, but 3 were found:
	- alumnoDAOImpl: defined in file [/Users/javieralejandrocalixtocano/Documents/workspace-spring-tool-suite-4-4.14.1.RELEASE/SpringBootProyect/target/classes/com/ibm/academia/apirest/services/AlumnoDAOImpl.class]
	- empleadoDAOImpl: defined in file [/Users/javieralejandrocalixtocano/Documents/workspace-spring-tool-suite-4-4.14.1.RELEASE/SpringBootProyect/target/classes/com/ibm/academia/apirest/services/EmpleadoDAOImpl.class]
	- profesorDAOImpl: defined in file [/Users/javieralejandrocalixtocano/Documents/workspace-spring-tool-suite-4-4.14.1.RELEASE/SpringBootProyect/target/classes/com/ibm/academia/apirest/services/ProfesorDAOImpl.class]


Action:

Consider marking one of the beans as @Primary, updating the consumer to accept multiple beans, or using @Qualifier to identify the bean that should be consumed

