2022-05-16 17:07:00,679 INFO org.springframework.boot.admin.SpringApplicationAdminMXBeanRegistrar$SpringApplicationAdmin [RMI TCP Connection(100)-127.0.0.1] Application shutdown requested.
2022-05-16 17:07:00,709 INFO org.springframework.orm.jpa.AbstractEntityManagerFactoryBean [RMI TCP Connection(100)-127.0.0.1] Closing JPA EntityManagerFactory for persistence unit 'default'
2022-05-16 17:07:00,712 INFO com.zaxxer.hikari.HikariDataSource [RMI TCP Connection(100)-127.0.0.1] HikariPool-1 - Shutdown initiated...
2022-05-16 17:07:00,714 INFO com.zaxxer.hikari.HikariDataSource [RMI TCP Connection(100)-127.0.0.1] HikariPool-1 - Shutdown completed.
2022-05-16 17:07:05,213 INFO org.hibernate.validator.internal.util.Version [background-preinit] HV000001: Hibernate Validator 6.2.3.Final
2022-05-16 17:07:05,215 INFO org.springframework.boot.StartupInfoLogger [restartedMain] Starting UniversidadesRestApplication using Java 17.0.2 on MacBook-Pro-de-Javier.local with PID 6891 (/Users/javieralejandrocalixtocano/Documents/workspace-spring-tool-suite-4-4.14.1.RELEASE/SpringBootProyect/target/classes started by javieralejandrocalixtocano in /Users/javieralejandrocalixtocano/Documents/workspace-spring-tool-suite-4-4.14.1.RELEASE/SpringBootProyect)
2022-05-16 17:07:05,216 INFO org.springframework.boot.SpringApplication [restartedMain] No active profile set, falling back to 1 default profile: "default"
2022-05-16 17:07:05,233 INFO org.springframework.boot.logging.DeferredLog [restartedMain] Devtools property defaults active! Set 'spring.devtools.add-properties' to 'false' to disable
2022-05-16 17:07:05,234 INFO org.springframework.boot.logging.DeferredLog [restartedMain] For additional web related logging consider setting the 'logging.level.web' property to 'DEBUG'
2022-05-16 17:07:05,582 INFO org.springframework.data.repository.config.RepositoryConfigurationDelegate [restartedMain] Bootstrapping Spring Data JPA repositories in DEFAULT mode.
2022-05-16 17:07:05,606 INFO org.springframework.data.repository.config.RepositoryConfigurationDelegate [restartedMain] Finished Spring Data repository scanning in 20 ms. Found 5 JPA repository interfaces.
2022-05-16 17:07:05,871 INFO org.springframework.boot.web.embedded.tomcat.TomcatWebServer [restartedMain] Tomcat initialized with port(s): 9081 (http)
2022-05-16 17:07:05,876 INFO org.apache.juli.logging.DirectJDKLog [restartedMain] Initializing ProtocolHandler ["http-nio-9081"]
2022-05-16 17:07:05,876 INFO org.apache.juli.logging.DirectJDKLog [restartedMain] Starting service [Tomcat]
2022-05-16 17:07:05,876 INFO org.apache.juli.logging.DirectJDKLog [restartedMain] Starting Servlet engine: [Apache Tomcat/9.0.62]
2022-05-16 17:07:05,906 INFO org.apache.juli.logging.DirectJDKLog [restartedMain] Initializing Spring embedded WebApplicationContext
2022-05-16 17:07:05,906 INFO org.springframework.boot.web.servlet.context.ServletWebServerApplicationContext [restartedMain] Root WebApplicationContext: initialization completed in 672 ms
2022-05-16 17:07:05,965 INFO org.hibernate.jpa.internal.util.LogHelper [restartedMain] HHH000204: Processing PersistenceUnitInfo [name: default]
2022-05-16 17:07:05,985 INFO org.hibernate.Version [restartedMain] HHH000412: Hibernate ORM core version 5.4.33
2022-05-16 17:07:06,038 INFO org.hibernate.annotations.common.reflection.java.JavaReflectionManager [restartedMain] HCANN000001: Hibernate Commons Annotations {5.1.2.Final}
2022-05-16 17:07:06,076 INFO com.zaxxer.hikari.HikariDataSource [restartedMain] HikariPool-1 - Starting...
2022-05-16 17:07:06,114 INFO com.zaxxer.hikari.HikariDataSource [restartedMain] HikariPool-1 - Start completed.
2022-05-16 17:07:06,127 INFO org.hibernate.dialect.Dialect [restartedMain] HHH000400: Using dialect: org.hibernate.dialect.PostgreSQL10Dialect
2022-05-16 17:07:06,572 INFO org.hibernate.engine.transaction.jta.platform.internal.JtaPlatformInitiator [restartedMain] HHH000490: Using JtaPlatform implementation: [org.hibernate.engine.transaction.jta.platform.internal.NoJtaPlatform]
2022-05-16 17:07:06,577 INFO org.springframework.orm.jpa.AbstractEntityManagerFactoryBean [restartedMain] Initialized JPA EntityManagerFactory for persistence unit 'default'
2022-05-16 17:07:06,882 WARN org.springframework.boot.autoconfigure.orm.jpa.JpaBaseConfiguration$JpaWebConfiguration [restartedMain] spring.jpa.open-in-view is enabled by default. Therefore, database queries may be performed during view rendering. Explicitly configure spring.jpa.open-in-view to disable this warning
2022-05-16 17:07:06,990 INFO org.springframework.boot.devtools.autoconfigure.OptionalLiveReloadServer [restartedMain] LiveReload server is running on port 35729
2022-05-16 17:07:07,084 INFO org.apache.juli.logging.DirectJDKLog [restartedMain] Starting ProtocolHandler ["http-nio-9081"]
2022-05-16 17:07:07,093 INFO org.springframework.boot.web.embedded.tomcat.TomcatWebServer [restartedMain] Tomcat started on port(s): 9081 (http) with context path ''
2022-05-16 17:07:07,237 INFO org.springframework.boot.StartupInfoLogger [restartedMain] Started UniversidadesRestApplication in 2.168 seconds (JVM running for 2.61)
2022-05-16 18:47:40,424 WARN com.zaxxer.hikari.pool.HikariPool$HouseKeeper [HikariPool-1 housekeeper] HikariPool-1 - Thread starvation or clock leap detected (housekeeper delta=33m33s607ms).
2022-05-16 19:48:38,595 WARN com.zaxxer.hikari.pool.HikariPool$HouseKeeper [HikariPool-1 housekeeper] HikariPool-1 - Thread starvation or clock leap detected (housekeeper delta=1h58s172ms).
2022-05-16 19:49:36,069 INFO org.springframework.boot.admin.SpringApplicationAdminMXBeanRegistrar$SpringApplicationAdmin [RMI TCP Connection(79)-127.0.0.1] Application shutdown requested.
2022-05-16 19:49:36,094 INFO org.springframework.orm.jpa.AbstractEntityManagerFactoryBean [RMI TCP Connection(79)-127.0.0.1] Closing JPA EntityManagerFactory for persistence unit 'default'
2022-05-16 19:49:36,098 INFO com.zaxxer.hikari.HikariDataSource [RMI TCP Connection(79)-127.0.0.1] HikariPool-1 - Shutdown initiated...
2022-05-16 19:49:36,099 INFO com.zaxxer.hikari.HikariDataSource [RMI TCP Connection(79)-127.0.0.1] HikariPool-1 - Shutdown completed.
2022-05-16 19:56:12,679 INFO org.springframework.boot.StartupInfoLogger [restartedMain] Starting UniversidadesRestApplication using Java 17.0.2 on MacBook-Pro-de-Javier.local with PID 8766 (/Users/javieralejandrocalixtocano/Documents/workspace-spring-tool-suite-4-4.14.1.RELEASE/SpringBootProyect/target/classes started by javieralejandrocalixtocano in /Users/javieralejandrocalixtocano/Documents/workspace-spring-tool-suite-4-4.14.1.RELEASE/SpringBootProyect)
2022-05-16 19:56:12,678 INFO org.hibernate.validator.internal.util.Version [background-preinit] HV000001: Hibernate Validator 6.2.3.Final
2022-05-16 19:56:12,680 INFO org.springframework.boot.SpringApplication [restartedMain] No active profile set, falling back to 1 default profile: "default"
2022-05-16 19:56:12,698 INFO org.springframework.boot.logging.DeferredLog [restartedMain] Devtools property defaults active! Set 'spring.devtools.add-properties' to 'false' to disable
2022-05-16 19:56:12,698 INFO org.springframework.boot.logging.DeferredLog [restartedMain] For additional web related logging consider setting the 'logging.level.web' property to 'DEBUG'
2022-05-16 19:56:13,060 INFO org.springframework.data.repository.config.RepositoryConfigurationDelegate [restartedMain] Bootstrapping Spring Data JPA repositories in DEFAULT mode.
2022-05-16 19:56:13,085 INFO org.springframework.data.repository.config.RepositoryConfigurationDelegate [restartedMain] Finished Spring Data repository scanning in 20 ms. Found 5 JPA repository interfaces.
2022-05-16 19:56:13,355 INFO org.springframework.boot.web.embedded.tomcat.TomcatWebServer [restartedMain] Tomcat initialized with port(s): 9081 (http)
2022-05-16 19:56:13,360 INFO org.apache.juli.logging.DirectJDKLog [restartedMain] Initializing ProtocolHandler ["http-nio-9081"]
2022-05-16 19:56:13,360 INFO org.apache.juli.logging.DirectJDKLog [restartedMain] Starting service [Tomcat]
2022-05-16 19:56:13,360 INFO org.apache.juli.logging.DirectJDKLog [restartedMain] Starting Servlet engine: [Apache Tomcat/9.0.62]
2022-05-16 19:56:13,391 INFO org.apache.juli.logging.DirectJDKLog [restartedMain] Initializing Spring embedded WebApplicationContext
2022-05-16 19:56:13,392 INFO org.springframework.boot.web.servlet.context.ServletWebServerApplicationContext [restartedMain] Root WebApplicationContext: initialization completed in 694 ms
2022-05-16 19:56:13,453 INFO org.hibernate.jpa.internal.util.LogHelper [restartedMain] HHH000204: Processing PersistenceUnitInfo [name: default]
2022-05-16 19:56:13,475 INFO org.hibernate.Version [restartedMain] HHH000412: Hibernate ORM core version 5.4.33
2022-05-16 19:56:13,534 INFO org.hibernate.annotations.common.reflection.java.JavaReflectionManager [restartedMain] HCANN000001: Hibernate Commons Annotations {5.1.2.Final}
2022-05-16 19:56:13,573 INFO com.zaxxer.hikari.HikariDataSource [restartedMain] HikariPool-1 - Starting...
2022-05-16 19:56:13,616 INFO com.zaxxer.hikari.HikariDataSource [restartedMain] HikariPool-1 - Start completed.
2022-05-16 19:56:13,630 INFO org.hibernate.dialect.Dialect [restartedMain] HHH000400: Using dialect: org.hibernate.dialect.PostgreSQL10Dialect
2022-05-16 19:56:14,086 INFO org.hibernate.engine.transaction.jta.platform.internal.JtaPlatformInitiator [restartedMain] HHH000490: Using JtaPlatform implementation: [org.hibernate.engine.transaction.jta.platform.internal.NoJtaPlatform]
2022-05-16 19:56:14,091 INFO org.springframework.orm.jpa.AbstractEntityManagerFactoryBean [restartedMain] Initialized JPA EntityManagerFactory for persistence unit 'default'
2022-05-16 19:56:14,311 WARN org.springframework.context.support.AbstractApplicationContext [restartedMain] Exception encountered during context initialization - cancelling refresh attempt: org.springframework.beans.factory.UnsatisfiedDependencyException: Error creating bean with name 'empleadoController': Unsatisfied dependency expressed through field 'empleadoDao'; nested exception is org.springframework.beans.factory.NoSuchBeanDefinitionException: No qualifying bean of type 'com.ibm.academia.apirest.services.ProfesorDAO' available: expected at least 1 bean which qualifies as autowire candidate. Dependency annotations: {@org.springframework.beans.factory.annotation.Autowired(required=true), @org.springframework.beans.factory.annotation.Qualifier("empleadoDAOImpl")}
2022-05-16 19:56:14,312 INFO org.springframework.orm.jpa.AbstractEntityManagerFactoryBean [restartedMain] Closing JPA EntityManagerFactory for persistence unit 'default'
